2019-07-24 10:40:39.761  INFO 3876 --- [restartedMain] c.l.m.MainClassificationApplication      : Starting MainClassificationApplication on DESKTOP-V3U079T with PID 3876 (C:\Users\Tyron\Documents\MicroService\MainClassification\target\classes started by Tyron in C:\Users\Tyron\Documents\MicroService\MainClassification)
2019-07-24 10:40:39.766  INFO 3876 --- [restartedMain] c.l.m.MainClassificationApplication      : No active profile set, falling back to default profiles: default
2019-07-24 10:40:39.839  INFO 3876 --- [restartedMain] .e.DevToolsPropertyDefaultsPostProcessor : Devtools property defaults active! Set 'spring.devtools.add-properties' to 'false' to disable
2019-07-24 10:40:39.840  INFO 3876 --- [restartedMain] .e.DevToolsPropertyDefaultsPostProcessor : For additional web related logging consider setting the 'logging.level.web' property to 'DEBUG'
2019-07-24 10:40:40.515  INFO 3876 --- [restartedMain] .s.d.r.c.RepositoryConfigurationDelegate : Bootstrapping Spring Data repositories in DEFAULT mode.
2019-07-24 10:40:40.582  INFO 3876 --- [restartedMain] .s.d.r.c.RepositoryConfigurationDelegate : Finished Spring Data repository scanning in 60ms. Found 1 repository interfaces.
2019-07-24 10:40:40.829  INFO 3876 --- [restartedMain] trationDelegate$BeanPostProcessorChecker : Bean 'org.springframework.transaction.annotation.ProxyTransactionManagementConfiguration' of type [org.springframework.transaction.annotation.ProxyTransactionManagementConfiguration$$EnhancerBySpringCGLIB$$a2abf60d] is not eligible for getting processed by all BeanPostProcessors (for example: not eligible for auto-proxying)
2019-07-24 10:40:41.102  INFO 3876 --- [restartedMain] o.s.b.w.embedded.tomcat.TomcatWebServer  : Tomcat initialized with port(s): 8081 (http)
2019-07-24 10:40:41.121  INFO 3876 --- [restartedMain] o.apache.catalina.core.StandardService   : Starting service [Tomcat]
2019-07-24 10:40:41.122  INFO 3876 --- [restartedMain] org.apache.catalina.core.StandardEngine  : Starting Servlet engine: [Apache Tomcat/9.0.19]
2019-07-24 10:40:41.236  INFO 3876 --- [restartedMain] o.a.c.c.C.[.[.[/librarysystem]           : Initializing Spring embedded WebApplicationContext
2019-07-24 10:40:41.236  INFO 3876 --- [restartedMain] o.s.web.context.ContextLoader            : Root WebApplicationContext: initialization completed in 1396 ms
2019-07-24 10:40:41.434  INFO 3876 --- [restartedMain] com.zaxxer.hikari.HikariDataSource       : HikariPool-1 - Starting...
2019-07-24 10:40:41.599  INFO 3876 --- [restartedMain] com.zaxxer.hikari.HikariDataSource       : HikariPool-1 - Start completed.
2019-07-24 10:40:41.669  INFO 3876 --- [restartedMain] o.hibernate.jpa.internal.util.LogHelper  : HHH000204: Processing PersistenceUnitInfo [
	name: default
	...]
2019-07-24 10:40:41.785  INFO 3876 --- [restartedMain] org.hibernate.Version                    : HHH000412: Hibernate Core {5.3.10.Final}
2019-07-24 10:40:41.786  INFO 3876 --- [restartedMain] org.hibernate.cfg.Environment            : HHH000206: hibernate.properties not found
2019-07-24 10:40:41.892  INFO 3876 --- [restartedMain] o.hibernate.annotations.common.Version   : HCANN000001: Hibernate Commons Annotations {5.0.4.Final}
2019-07-24 10:40:42.007  INFO 3876 --- [restartedMain] org.hibernate.dialect.Dialect            : HHH000400: Using dialect: org.hibernate.dialect.MySQL5InnoDBDialect
2019-07-24 10:40:42.023  INFO 3876 --- [restartedMain] o.h.e.j.e.i.LobCreatorBuilderImpl        : HHH000422: Disabling contextual LOB creation as connection was null
2019-07-24 10:40:42.518  INFO 3876 --- [restartedMain] j.LocalContainerEntityManagerFactoryBean : Initialized JPA EntityManagerFactory for persistence unit 'default'
2019-07-24 10:40:42.917  INFO 3876 --- [restartedMain] o.s.s.concurrent.ThreadPoolTaskExecutor  : Initializing ExecutorService 'applicationTaskExecutor'
2019-07-24 10:40:42.947  WARN 3876 --- [restartedMain] aWebConfiguration$JpaWebMvcConfiguration : spring.jpa.open-in-view is enabled by default. Therefore, database queries may be performed during view rendering. Explicitly configure spring.jpa.open-in-view to disable this warning
2019-07-24 10:40:43.098  INFO 3876 --- [restartedMain] o.s.b.d.a.OptionalLiveReloadServer       : LiveReload server is running on port 35729
2019-07-24 10:40:43.130  INFO 3876 --- [restartedMain] o.s.b.w.embedded.tomcat.TomcatWebServer  : Tomcat started on port(s): 8081 (http) with context path '/librarysystem'
2019-07-24 10:40:43.130  INFO 3876 --- [restartedMain] c.l.m.MainClassificationApplication      : Started MainClassificationApplication in 3.694 seconds (JVM running for 4.537)
2019-07-24 10:45:07.543  INFO 3876 --- [Thread-6] o.s.s.concurrent.ThreadPoolTaskExecutor  : Shutting down ExecutorService 'applicationTaskExecutor'
2019-07-24 10:45:07.543  INFO 3876 --- [Thread-6] j.LocalContainerEntityManagerFactoryBean : Closing JPA EntityManagerFactory for persistence unit 'default'
2019-07-24 10:45:07.546  INFO 3876 --- [Thread-6] com.zaxxer.hikari.HikariDataSource       : HikariPool-1 - Shutdown initiated...
2019-07-24 10:45:07.549  INFO 3876 --- [Thread-6] com.zaxxer.hikari.HikariDataSource       : HikariPool-1 - Shutdown completed.
2019-07-24 10:45:09.871  INFO 3876 --- [restartedMain] c.l.m.MainClassificationApplication      : Starting MainClassificationApplication on DESKTOP-V3U079T with PID 3876 (C:\Users\Tyron\Documents\MicroService\MainClassification\target\classes started by Tyron in C:\Users\Tyron\Documents\MicroService\MainClassification)
2019-07-24 10:45:09.872  INFO 3876 --- [restartedMain] c.l.m.MainClassificationApplication      : No active profile set, falling back to default profiles: default
2019-07-24 10:45:10.045  INFO 3876 --- [restartedMain] .s.d.r.c.RepositoryConfigurationDelegate : Bootstrapping Spring Data repositories in DEFAULT mode.
2019-07-24 10:45:10.053  INFO 3876 --- [restartedMain] .s.d.r.c.RepositoryConfigurationDelegate : Finished Spring Data repository scanning in 8ms. Found 1 repository interfaces.
2019-07-24 10:45:10.098  INFO 3876 --- [restartedMain] trationDelegate$BeanPostProcessorChecker : Bean 'org.springframework.transaction.annotation.ProxyTransactionManagementConfiguration' of type [org.springframework.transaction.annotation.ProxyTransactionManagementConfiguration$$EnhancerBySpringCGLIB$$a2abf60d] is not eligible for getting processed by all BeanPostProcessors (for example: not eligible for auto-proxying)
2019-07-24 10:45:10.235  INFO 3876 --- [restartedMain] o.s.b.w.embedded.tomcat.TomcatWebServer  : Tomcat initialized with port(s): 8081 (http)
2019-07-24 10:45:10.236  INFO 3876 --- [restartedMain] o.apache.catalina.core.StandardService   : Starting service [Tomcat]
2019-07-24 10:45:10.236  INFO 3876 --- [restartedMain] org.apache.catalina.core.StandardEngine  : Starting Servlet engine: [Apache Tomcat/9.0.19]
2019-07-24 10:45:10.253  INFO 3876 --- [restartedMain] o.a.c.c.C.[.[.[/librarysystem]           : Initializing Spring embedded WebApplicationContext
2019-07-24 10:45:10.253  INFO 3876 --- [restartedMain] o.s.web.context.ContextLoader            : Root WebApplicationContext: initialization completed in 380 ms
2019-07-24 10:45:10.318  INFO 3876 --- [restartedMain] com.zaxxer.hikari.HikariDataSource       : HikariPool-2 - Starting...
2019-07-24 10:45:10.323  INFO 3876 --- [restartedMain] com.zaxxer.hikari.HikariDataSource       : HikariPool-2 - Start completed.
2019-07-24 10:45:10.328  INFO 3876 --- [restartedMain] o.hibernate.jpa.internal.util.LogHelper  : HHH000204: Processing PersistenceUnitInfo [
	name: default
	...]
2019-07-24 10:45:10.335  INFO 3876 --- [restartedMain] org.hibernate.dialect.Dialect            : HHH000400: Using dialect: org.hibernate.dialect.MySQL5InnoDBDialect
2019-07-24 10:45:10.335  INFO 3876 --- [restartedMain] o.h.e.j.e.i.LobCreatorBuilderImpl        : HHH000422: Disabling contextual LOB creation as connection was null
2019-07-24 10:45:10.359  INFO 3876 --- [restartedMain] j.LocalContainerEntityManagerFactoryBean : Initialized JPA EntityManagerFactory for persistence unit 'default'
2019-07-24 10:45:10.458  INFO 3876 --- [restartedMain] o.s.s.concurrent.ThreadPoolTaskExecutor  : Initializing ExecutorService 'applicationTaskExecutor'
2019-07-24 10:45:10.464  WARN 3876 --- [restartedMain] aWebConfiguration$JpaWebMvcConfiguration : spring.jpa.open-in-view is enabled by default. Therefore, database queries may be performed during view rendering. Explicitly configure spring.jpa.open-in-view to disable this warning
2019-07-24 10:45:10.533  INFO 3876 --- [restartedMain] o.s.b.d.a.OptionalLiveReloadServer       : LiveReload server is running on port 35729
2019-07-24 10:45:10.552  INFO 3876 --- [restartedMain] o.s.b.w.embedded.tomcat.TomcatWebServer  : Tomcat started on port(s): 8081 (http) with context path '/librarysystem'
2019-07-24 10:45:10.552  INFO 3876 --- [restartedMain] c.l.m.MainClassificationApplication      : Started MainClassificationApplication in 0.701 seconds (JVM running for 271.952)
2019-07-24 10:45:10.555  INFO 3876 --- [restartedMain] .ConditionEvaluationDeltaLoggingListener : Condition evaluation unchanged
2019-07-24 10:45:11.949  INFO 3876 --- [Thread-10] o.s.s.concurrent.ThreadPoolTaskExecutor  : Shutting down ExecutorService 'applicationTaskExecutor'
2019-07-24 10:45:11.952  INFO 3876 --- [Thread-10] j.LocalContainerEntityManagerFactoryBean : Closing JPA EntityManagerFactory for persistence unit 'default'
2019-07-24 10:45:11.954  INFO 3876 --- [Thread-10] com.zaxxer.hikari.HikariDataSource       : HikariPool-2 - Shutdown initiated...
2019-07-24 10:45:11.957  INFO 3876 --- [Thread-10] com.zaxxer.hikari.HikariDataSource       : HikariPool-2 - Shutdown completed.
2019-07-24 10:45:12.314  INFO 3876 --- [restartedMain] c.l.m.MainClassificationApplication      : Starting MainClassificationApplication on DESKTOP-V3U079T with PID 3876 (C:\Users\Tyron\Documents\MicroService\MainClassification\target\classes started by Tyron in C:\Users\Tyron\Documents\MicroService\MainClassification)
2019-07-24 10:45:12.314  INFO 3876 --- [restartedMain] c.l.m.MainClassificationApplication      : No active profile set, falling back to default profiles: default
2019-07-24 10:45:12.483  INFO 3876 --- [restartedMain] .s.d.r.c.RepositoryConfigurationDelegate : Bootstrapping Spring Data repositories in DEFAULT mode.
2019-07-24 10:45:12.492  INFO 3876 --- [restartedMain] .s.d.r.c.RepositoryConfigurationDelegate : Finished Spring Data repository scanning in 9ms. Found 1 repository interfaces.
2019-07-24 10:45:12.523  INFO 3876 --- [restartedMain] trationDelegate$BeanPostProcessorChecker : Bean 'org.springframework.transaction.annotation.ProxyTransactionManagementConfiguration' of type [org.springframework.transaction.annotation.ProxyTransactionManagementConfiguration$$EnhancerBySpringCGLIB$$a2abf60d] is not eligible for getting processed by all BeanPostProcessors (for example: not eligible for auto-proxying)
2019-07-24 10:45:12.605  INFO 3876 --- [restartedMain] o.s.b.w.embedded.tomcat.TomcatWebServer  : Tomcat initialized with port(s): 8081 (http)
2019-07-24 10:45:12.606  INFO 3876 --- [restartedMain] o.apache.catalina.core.StandardService   : Starting service [Tomcat]
2019-07-24 10:45:12.606  INFO 3876 --- [restartedMain] org.apache.catalina.core.StandardEngine  : Starting Servlet engine: [Apache Tomcat/9.0.19]
2019-07-24 10:45:12.618  INFO 3876 --- [restartedMain] o.a.c.c.C.[.[.[/librarysystem]           : Initializing Spring embedded WebApplicationContext
2019-07-24 10:45:12.618  INFO 3876 --- [restartedMain] o.s.web.context.ContextLoader            : Root WebApplicationContext: initialization completed in 302 ms
2019-07-24 10:45:12.652  INFO 3876 --- [restartedMain] com.zaxxer.hikari.HikariDataSource       : HikariPool-3 - Starting...
2019-07-24 10:45:12.652  INFO 3876 --- [restartedMain] com.zaxxer.hikari.HikariDataSource       : HikariPool-3 - Start completed.
2019-07-24 10:45:12.652  INFO 3876 --- [restartedMain] o.hibernate.jpa.internal.util.LogHelper  : HHH000204: Processing PersistenceUnitInfo [
	name: default
	...]
2019-07-24 10:45:12.668  INFO 3876 --- [restartedMain] org.hibernate.dialect.Dialect            : HHH000400: Using dialect: org.hibernate.dialect.MySQL5InnoDBDialect
2019-07-24 10:45:12.668  INFO 3876 --- [restartedMain] o.h.e.j.e.i.LobCreatorBuilderImpl        : HHH000422: Disabling contextual LOB creation as connection was null
2019-07-24 10:45:12.684  INFO 3876 --- [restartedMain] j.LocalContainerEntityManagerFactoryBean : Initialized JPA EntityManagerFactory for persistence unit 'default'
2019-07-24 10:45:12.758  INFO 3876 --- [restartedMain] o.s.s.concurrent.ThreadPoolTaskExecutor  : Initializing ExecutorService 'applicationTaskExecutor'
2019-07-24 10:45:12.763  WARN 3876 --- [restartedMain] aWebConfiguration$JpaWebMvcConfiguration : spring.jpa.open-in-view is enabled by default. Therefore, database queries may be performed during view rendering. Explicitly configure spring.jpa.open-in-view to disable this warning
2019-07-24 10:45:12.811  INFO 3876 --- [restartedMain] o.s.b.d.a.OptionalLiveReloadServer       : LiveReload server is running on port 35729
2019-07-24 10:45:12.824  INFO 3876 --- [restartedMain] o.s.b.w.embedded.tomcat.TomcatWebServer  : Tomcat started on port(s): 8081 (http) with context path '/librarysystem'
2019-07-24 10:45:12.825  INFO 3876 --- [restartedMain] c.l.m.MainClassificationApplication      : Started MainClassificationApplication in 0.532 seconds (JVM running for 274.225)
2019-07-24 10:45:12.826  INFO 3876 --- [restartedMain] .ConditionEvaluationDeltaLoggingListener : Condition evaluation unchanged
2019-07-24 10:45:38.395  INFO 3876 --- [Thread-19] o.s.s.concurrent.ThreadPoolTaskExecutor  : Shutting down ExecutorService 'applicationTaskExecutor'
2019-07-24 10:45:38.396  INFO 3876 --- [Thread-19] j.LocalContainerEntityManagerFactoryBean : Closing JPA EntityManagerFactory for persistence unit 'default'
2019-07-24 10:45:38.397  INFO 3876 --- [Thread-19] com.zaxxer.hikari.HikariDataSource       : HikariPool-3 - Shutdown initiated...
2019-07-24 10:45:38.400  INFO 3876 --- [Thread-19] com.zaxxer.hikari.HikariDataSource       : HikariPool-3 - Shutdown completed.
2019-07-24 10:45:38.757  INFO 3876 --- [restartedMain] c.l.m.MainClassificationApplication      : Starting MainClassificationApplication on DESKTOP-V3U079T with PID 3876 (C:\Users\Tyron\Documents\MicroService\MainClassification\target\classes started by Tyron in C:\Users\Tyron\Documents\MicroService\MainClassification)
2019-07-24 10:45:38.757  INFO 3876 --- [restartedMain] c.l.m.MainClassificationApplication      : No active profile set, falling back to default profiles: default
2019-07-24 10:45:38.926  INFO 3876 --- [restartedMain] .s.d.r.c.RepositoryConfigurationDelegate : Bootstrapping Spring Data repositories in DEFAULT mode.
2019-07-24 10:45:38.934  INFO 3876 --- [restartedMain] .s.d.r.c.RepositoryConfigurationDelegate : Finished Spring Data repository scanning in 8ms. Found 1 repository interfaces.
2019-07-24 10:45:38.967  INFO 3876 --- [restartedMain] trationDelegate$BeanPostProcessorChecker : Bean 'org.springframework.transaction.annotation.ProxyTransactionManagementConfiguration' of type [org.springframework.transaction.annotation.ProxyTransactionManagementConfiguration$$EnhancerBySpringCGLIB$$a2abf60d] is not eligible for getting processed by all BeanPostProcessors (for example: not eligible for auto-proxying)
2019-07-24 10:45:39.047  INFO 3876 --- [restartedMain] o.s.b.w.embedded.tomcat.TomcatWebServer  : Tomcat initialized with port(s): 8081 (http)
2019-07-24 10:45:39.048  INFO 3876 --- [restartedMain] o.apache.catalina.core.StandardService   : Starting service [Tomcat]
2019-07-24 10:45:39.048  INFO 3876 --- [restartedMain] org.apache.catalina.core.StandardEngine  : Starting Servlet engine: [Apache Tomcat/9.0.19]
2019-07-24 10:45:39.060  INFO 3876 --- [restartedMain] o.a.c.c.C.[.[.[/librarysystem]           : Initializing Spring embedded WebApplicationContext
2019-07-24 10:45:39.060  INFO 3876 --- [restartedMain] o.s.web.context.ContextLoader            : Root WebApplicationContext: initialization completed in 301 ms
2019-07-24 10:45:39.093  INFO 3876 --- [restartedMain] com.zaxxer.hikari.HikariDataSource       : HikariPool-4 - Starting...
2019-07-24 10:45:39.098  INFO 3876 --- [restartedMain] com.zaxxer.hikari.HikariDataSource       : HikariPool-4 - Start completed.
2019-07-24 10:45:39.102  INFO 3876 --- [restartedMain] o.hibernate.jpa.internal.util.LogHelper  : HHH000204: Processing PersistenceUnitInfo [
	name: default
	...]
2019-07-24 10:45:39.109  INFO 3876 --- [restartedMain] org.hibernate.dialect.Dialect            : HHH000400: Using dialect: org.hibernate.dialect.MySQL5InnoDBDialect
2019-07-24 10:45:39.109  INFO 3876 --- [restartedMain] o.h.e.j.e.i.LobCreatorBuilderImpl        : HHH000422: Disabling contextual LOB creation as connection was null
2019-07-24 10:45:39.126  INFO 3876 --- [restartedMain] j.LocalContainerEntityManagerFactoryBean : Initialized JPA EntityManagerFactory for persistence unit 'default'
2019-07-24 10:45:39.184  INFO 3876 --- [restartedMain] o.s.s.concurrent.ThreadPoolTaskExecutor  : Initializing ExecutorService 'applicationTaskExecutor'
2019-07-24 10:45:39.202  WARN 3876 --- [restartedMain] aWebConfiguration$JpaWebMvcConfiguration : spring.jpa.open-in-view is enabled by default. Therefore, database queries may be performed during view rendering. Explicitly configure spring.jpa.open-in-view to disable this warning
2019-07-24 10:45:39.254  INFO 3876 --- [restartedMain] o.s.b.d.a.OptionalLiveReloadServer       : LiveReload server is running on port 35729
2019-07-24 10:45:39.267  INFO 3876 --- [restartedMain] o.s.b.w.embedded.tomcat.TomcatWebServer  : Tomcat started on port(s): 8081 (http) with context path '/librarysystem'
2019-07-24 10:45:39.267  INFO 3876 --- [restartedMain] c.l.m.MainClassificationApplication      : Started MainClassificationApplication in 0.531 seconds (JVM running for 300.667)
2019-07-24 10:45:39.269  INFO 3876 --- [restartedMain] .ConditionEvaluationDeltaLoggingListener : Condition evaluation unchanged
2019-07-24 10:47:09.994  INFO 3876 --- [RMI TCP Connection(2)-127.0.0.1] inMXBeanRegistrar$SpringApplicationAdmin : Application shutdown requested.
2019-07-24 10:47:09.999  INFO 3876 --- [RMI TCP Connection(2)-127.0.0.1] o.s.s.concurrent.ThreadPoolTaskExecutor  : Shutting down ExecutorService 'applicationTaskExecutor'
2019-07-24 10:47:10.002  INFO 3876 --- [RMI TCP Connection(2)-127.0.0.1] j.LocalContainerEntityManagerFactoryBean : Closing JPA EntityManagerFactory for persistence unit 'default'
2019-07-24 10:47:10.002  INFO 3876 --- [RMI TCP Connection(2)-127.0.0.1] com.zaxxer.hikari.HikariDataSource       : HikariPool-4 - Shutdown initiated...
2019-07-24 10:47:10.004  INFO 3876 --- [RMI TCP Connection(2)-127.0.0.1] com.zaxxer.hikari.HikariDataSource       : HikariPool-4 - Shutdown completed.
2019-07-24 10:47:39.871  INFO 11640 --- [restartedMain] c.l.m.MainClassificationApplication      : No active profile set, falling back to default profiles: default
2019-07-24 10:47:40.312  INFO 11640 --- [restartedMain] .s.d.r.c.RepositoryConfigurationDelegate : Bootstrapping Spring Data repositories in DEFAULT mode.
2019-07-24 10:47:40.364  INFO 11640 --- [restartedMain] .s.d.r.c.RepositoryConfigurationDelegate : Finished Spring Data repository scanning in 47ms. Found 1 repository interfaces.
2019-07-24 10:47:40.562  INFO 11640 --- [restartedMain] o.s.cloud.context.scope.GenericScope     : BeanFactory id=3b0f40c7-6ad4-3b1c-b8e4-aecf26a94fdf
2019-07-24 10:47:40.636  INFO 11640 --- [restartedMain] trationDelegate$BeanPostProcessorChecker : Bean 'org.springframework.transaction.annotation.ProxyTransactionManagementConfiguration' of type [org.springframework.transaction.annotation.ProxyTransactionManagementConfiguration$$EnhancerBySpringCGLIB$$ffe6663] is not eligible for getting processed by all BeanPostProcessors (for example: not eligible for auto-proxying)
2019-07-24 10:47:40.652  INFO 11640 --- [restartedMain] trationDelegate$BeanPostProcessorChecker : Bean 'org.springframework.cloud.autoconfigure.ConfigurationPropertiesRebinderAutoConfiguration' of type [org.springframework.cloud.autoconfigure.ConfigurationPropertiesRebinderAutoConfiguration$$EnhancerBySpringCGLIB$$2c186960] is not eligible for getting processed by all BeanPostProcessors (for example: not eligible for auto-proxying)
2019-07-24 10:47:41.106  INFO 11640 --- [restartedMain] o.s.b.w.embedded.tomcat.TomcatWebServer  : Tomcat initialized with port(s): 8081 (http)
2019-07-24 10:47:41.124  INFO 11640 --- [restartedMain] o.apache.catalina.core.StandardService   : Starting service [Tomcat]
2019-07-24 10:47:41.125  INFO 11640 --- [restartedMain] org.apache.catalina.core.StandardEngine  : Starting Servlet engine: [Apache Tomcat/9.0.19]
2019-07-24 10:47:41.227  INFO 11640 --- [restartedMain] o.a.c.c.C.[.[.[/librarysystem]           : Initializing Spring embedded WebApplicationContext
2019-07-24 10:47:41.227  INFO 11640 --- [restartedMain] o.s.web.context.ContextLoader            : Root WebApplicationContext: initialization completed in 1348 ms
2019-07-24 10:47:41.422  INFO 11640 --- [restartedMain] com.zaxxer.hikari.HikariDataSource       : HikariPool-1 - Starting...
2019-07-24 10:47:41.563  INFO 11640 --- [restartedMain] com.zaxxer.hikari.HikariDataSource       : HikariPool-1 - Start completed.
2019-07-24 10:47:41.594  INFO 11640 --- [restartedMain] o.hibernate.jpa.internal.util.LogHelper  : HHH000204: Processing PersistenceUnitInfo [
	name: default
	...]
2019-07-24 10:47:41.653  INFO 11640 --- [restartedMain] org.hibernate.Version                    : HHH000412: Hibernate Core {5.3.10.Final}
2019-07-24 10:47:41.653  INFO 11640 --- [restartedMain] org.hibernate.cfg.Environment            : HHH000206: hibernate.properties not found
2019-07-24 10:47:41.756  INFO 11640 --- [restartedMain] o.hibernate.annotations.common.Version   : HCANN000001: Hibernate Commons Annotations {5.0.4.Final}
2019-07-24 10:47:41.852  INFO 11640 --- [restartedMain] org.hibernate.dialect.Dialect            : HHH000400: Using dialect: org.hibernate.dialect.MySQL5InnoDBDialect
2019-07-24 10:47:41.864  INFO 11640 --- [restartedMain] o.h.e.j.e.i.LobCreatorBuilderImpl        : HHH000422: Disabling contextual LOB creation as connection was null
2019-07-24 10:47:42.227  INFO 11640 --- [restartedMain] j.LocalContainerEntityManagerFactoryBean : Initialized JPA EntityManagerFactory for persistence unit 'default'
2019-07-24 10:47:42.463  WARN 11640 --- [restartedMain] c.n.c.sources.URLConfigurationSource     : No URLs will be polled as dynamic configuration sources.
2019-07-24 10:47:42.464  INFO 11640 --- [restartedMain] c.n.c.sources.URLConfigurationSource     : To enable URLs as dynamic configuration sources, define System property archaius.configurationSource.additionalUrls or make config.properties available on classpath.
2019-07-24 10:47:42.468  WARN 11640 --- [restartedMain] c.n.c.sources.URLConfigurationSource     : No URLs will be polled as dynamic configuration sources.
2019-07-24 10:47:42.468  INFO 11640 --- [restartedMain] c.n.c.sources.URLConfigurationSource     : To enable URLs as dynamic configuration sources, define System property archaius.configurationSource.additionalUrls or make config.properties available on classpath.
2019-07-24 10:47:42.630  INFO 11640 --- [restartedMain] o.s.s.concurrent.ThreadPoolTaskExecutor  : Initializing ExecutorService 'applicationTaskExecutor'
2019-07-24 10:47:42.662  WARN 11640 --- [restartedMain] aWebConfiguration$JpaWebMvcConfiguration : spring.jpa.open-in-view is enabled by default. Therefore, database queries may be performed during view rendering. Explicitly configure spring.jpa.open-in-view to disable this warning
2019-07-24 10:47:42.849  INFO 11640 --- [restartedMain] o.s.b.d.a.OptionalLiveReloadServer       : LiveReload server is running on port 35729
2019-07-24 10:47:43.560  INFO 11640 --- [restartedMain] o.s.c.n.eureka.InstanceInfoFactory       : Setting initial instance status as: STARTING
2019-07-24 10:47:43.581  INFO 11640 --- [restartedMain] com.netflix.discovery.DiscoveryClient    : Initializing Eureka in region us-east-1
2019-07-24 10:47:43.936  INFO 11640 --- [restartedMain] c.n.d.provider.DiscoveryJerseyProvider   : Using JSON encoding codec LegacyJacksonJson
2019-07-24 10:47:43.936  INFO 11640 --- [restartedMain] c.n.d.provider.DiscoveryJerseyProvider   : Using JSON decoding codec LegacyJacksonJson
2019-07-24 10:47:44.024  INFO 11640 --- [restartedMain] c.n.d.provider.DiscoveryJerseyProvider   : Using XML encoding codec XStreamXml
2019-07-24 10:47:44.025  INFO 11640 --- [restartedMain] c.n.d.provider.DiscoveryJerseyProvider   : Using XML decoding codec XStreamXml
2019-07-24 10:47:44.355  INFO 11640 --- [restartedMain] c.n.d.s.r.aws.ConfigClusterResolver      : Resolving eureka endpoints via configuration
2019-07-24 10:47:44.538  INFO 11640 --- [restartedMain] com.netflix.discovery.DiscoveryClient    : Disable delta property : false
2019-07-24 10:47:44.538  INFO 11640 --- [restartedMain] com.netflix.discovery.DiscoveryClient    : Single vip registry refresh property : null
2019-07-24 10:47:44.539  INFO 11640 --- [restartedMain] com.netflix.discovery.DiscoveryClient    : Force full registry fetch : false
2019-07-24 10:47:44.539  INFO 11640 --- [restartedMain] com.netflix.discovery.DiscoveryClient    : Application is null : false
2019-07-24 10:47:44.539  INFO 11640 --- [restartedMain] com.netflix.discovery.DiscoveryClient    : Registered Applications size is zero : true
2019-07-24 10:47:44.539  INFO 11640 --- [restartedMain] com.netflix.discovery.DiscoveryClient    : Application version is -1: true
2019-07-24 10:47:44.540  INFO 11640 --- [restartedMain] com.netflix.discovery.DiscoveryClient    : Getting all instance registry info from the eureka server
2019-07-24 10:47:44.671  INFO 11640 --- [restartedMain] com.netflix.discovery.DiscoveryClient    : The response status is 200
2019-07-24 10:47:44.678  INFO 11640 --- [restartedMain] com.netflix.discovery.DiscoveryClient    : Starting heartbeat executor: renew interval is: 30
2019-07-24 10:47:44.679  INFO 11640 --- [restartedMain] c.n.discovery.InstanceInfoReplicator     : InstanceInfoReplicator onDemand update allowed rate per min is 4
2019-07-24 10:47:44.679  INFO 11640 --- [restartedMain] com.netflix.discovery.DiscoveryClient    : Discovery Client initialized at timestamp 1563945464679 with initial instances count: 1
2019-07-24 10:47:44.679  INFO 11640 --- [restartedMain] o.s.c.n.e.s.EurekaServiceRegistry        : Registering application LIBRARYSYSTEM with eureka with status UP
2019-07-24 10:47:44.679  INFO 11640 --- [restartedMain] com.netflix.discovery.DiscoveryClient    : Saw local status change event StatusChangeEvent [timestamp=1563945464679, current=UP, previous=STARTING]
2019-07-24 10:47:44.679  INFO 11640 --- [DiscoveryClient-InstanceInfoReplicator-0] com.netflix.discovery.DiscoveryClient    : DiscoveryClient_LIBRARYSYSTEM/DESKTOP-V3U079T:LibrarySystem:8081: registering service...
2019-07-24 10:47:44.710  INFO 11640 --- [restartedMain] o.s.b.w.embedded.tomcat.TomcatWebServer  : Tomcat started on port(s): 8081 (http) with context path '/librarysystem'
2019-07-24 10:47:44.710  INFO 11640 --- [restartedMain] .s.c.n.e.s.EurekaAutoServiceRegistration : Updating port to 8081
2019-07-24 10:47:44.710  INFO 11640 --- [restartedMain] c.l.m.MainClassificationApplication      : Started MainClassificationApplication in 5.906 seconds (JVM running for 6.653)
2019-07-24 10:47:44.736  INFO 11640 --- [DiscoveryClient-InstanceInfoReplicator-0] com.netflix.discovery.DiscoveryClient    : DiscoveryClient_LIBRARYSYSTEM/DESKTOP-V3U079T:LibrarySystem:8081 - registration status: 204
2019-07-24 10:47:55.312  INFO 11640 --- [Thread-8] o.s.c.n.e.s.EurekaServiceRegistry        : Unregistering application LIBRARYSYSTEM with eureka with status DOWN
2019-07-24 10:47:55.313  WARN 11640 --- [Thread-8] com.netflix.discovery.DiscoveryClient    : Saw local status change event StatusChangeEvent [timestamp=1563945475313, current=DOWN, previous=UP]
2019-07-24 10:47:55.314  INFO 11640 --- [DiscoveryClient-InstanceInfoReplicator-0] com.netflix.discovery.DiscoveryClient    : DiscoveryClient_LIBRARYSYSTEM/DESKTOP-V3U079T:LibrarySystem:8081: registering service...
2019-07-24 10:47:55.319  INFO 11640 --- [DiscoveryClient-InstanceInfoReplicator-0] com.netflix.discovery.DiscoveryClient    : DiscoveryClient_LIBRARYSYSTEM/DESKTOP-V3U079T:LibrarySystem:8081 - registration status: 204
2019-07-24 10:47:55.319  INFO 11640 --- [Thread-8] o.s.s.concurrent.ThreadPoolTaskExecutor  : Shutting down ExecutorService 'applicationTaskExecutor'
2019-07-24 10:47:55.322  INFO 11640 --- [Thread-8] j.LocalContainerEntityManagerFactoryBean : Closing JPA EntityManagerFactory for persistence unit 'default'
2019-07-24 10:47:55.324  INFO 11640 --- [Thread-8] com.netflix.discovery.DiscoveryClient    : Shutting down DiscoveryClient ...
2019-07-24 10:48:05.614  INFO 22116 --- [restartedMain] c.l.m.MainClassificationApplication      : No active profile set, falling back to default profiles: default
2019-07-24 10:48:06.055  INFO 22116 --- [restartedMain] .s.d.r.c.RepositoryConfigurationDelegate : Bootstrapping Spring Data repositories in DEFAULT mode.
2019-07-24 10:48:06.106  INFO 22116 --- [restartedMain] .s.d.r.c.RepositoryConfigurationDelegate : Finished Spring Data repository scanning in 46ms. Found 1 repository interfaces.
2019-07-24 10:48:06.312  INFO 22116 --- [restartedMain] o.s.cloud.context.scope.GenericScope     : BeanFactory id=3b0f40c7-6ad4-3b1c-b8e4-aecf26a94fdf
2019-07-24 10:48:06.386  INFO 22116 --- [restartedMain] trationDelegate$BeanPostProcessorChecker : Bean 'org.springframework.transaction.annotation.ProxyTransactionManagementConfiguration' of type [org.springframework.transaction.annotation.ProxyTransactionManagementConfiguration$$EnhancerBySpringCGLIB$$e6ca28f9] is not eligible for getting processed by all BeanPostProcessors (for example: not eligible for auto-proxying)
2019-07-24 10:48:06.401  INFO 22116 --- [restartedMain] trationDelegate$BeanPostProcessorChecker : Bean 'org.springframework.cloud.autoconfigure.ConfigurationPropertiesRebinderAutoConfiguration' of type [org.springframework.cloud.autoconfigure.ConfigurationPropertiesRebinderAutoConfiguration$$EnhancerBySpringCGLIB$$2e42bf6] is not eligible for getting processed by all BeanPostProcessors (for example: not eligible for auto-proxying)
2019-07-24 10:48:06.760  INFO 22116 --- [restartedMain] o.s.b.w.embedded.tomcat.TomcatWebServer  : Tomcat initialized with port(s): 8081 (http)
2019-07-24 10:48:06.778  INFO 22116 --- [restartedMain] o.apache.catalina.core.StandardService   : Starting service [Tomcat]
2019-07-24 10:48:06.779  INFO 22116 --- [restartedMain] org.apache.catalina.core.StandardEngine  : Starting Servlet engine: [Apache Tomcat/9.0.19]
2019-07-24 10:48:06.876  INFO 22116 --- [restartedMain] o.a.c.c.C.[.[.[/librarysystem]           : Initializing Spring embedded WebApplicationContext
2019-07-24 10:48:06.876  INFO 22116 --- [restartedMain] o.s.web.context.ContextLoader            : Root WebApplicationContext: initialization completed in 1254 ms
2019-07-24 10:48:07.036  INFO 22116 --- [restartedMain] com.zaxxer.hikari.HikariDataSource       : HikariPool-1 - Starting...
2019-07-24 10:48:07.168  INFO 22116 --- [restartedMain] com.zaxxer.hikari.HikariDataSource       : HikariPool-1 - Start completed.
2019-07-24 10:48:07.213  INFO 22116 --- [restartedMain] o.hibernate.jpa.internal.util.LogHelper  : HHH000204: Processing PersistenceUnitInfo [
	name: default
	...]
2019-07-24 10:48:07.266  INFO 22116 --- [restartedMain] org.hibernate.Version                    : HHH000412: Hibernate Core {5.3.10.Final}
2019-07-24 10:48:07.267  INFO 22116 --- [restartedMain] org.hibernate.cfg.Environment            : HHH000206: hibernate.properties not found
2019-07-24 10:48:07.365  INFO 22116 --- [restartedMain] o.hibernate.annotations.common.Version   : HCANN000001: Hibernate Commons Annotations {5.0.4.Final}
2019-07-24 10:48:07.457  INFO 22116 --- [restartedMain] org.hibernate.dialect.Dialect            : HHH000400: Using dialect: org.hibernate.dialect.MySQL5InnoDBDialect
2019-07-24 10:48:07.470  INFO 22116 --- [restartedMain] o.h.e.j.e.i.LobCreatorBuilderImpl        : HHH000422: Disabling contextual LOB creation as connection was null
2019-07-24 10:48:07.829  INFO 22116 --- [restartedMain] j.LocalContainerEntityManagerFactoryBean : Initialized JPA EntityManagerFactory for persistence unit 'default'
2019-07-24 10:48:08.053  WARN 22116 --- [restartedMain] c.n.c.sources.URLConfigurationSource     : No URLs will be polled as dynamic configuration sources.
2019-07-24 10:48:08.054  INFO 22116 --- [restartedMain] c.n.c.sources.URLConfigurationSource     : To enable URLs as dynamic configuration sources, define System property archaius.configurationSource.additionalUrls or make config.properties available on classpath.
2019-07-24 10:48:08.057  WARN 22116 --- [restartedMain] c.n.c.sources.URLConfigurationSource     : No URLs will be polled as dynamic configuration sources.
2019-07-24 10:48:08.057  INFO 22116 --- [restartedMain] c.n.c.sources.URLConfigurationSource     : To enable URLs as dynamic configuration sources, define System property archaius.configurationSource.additionalUrls or make config.properties available on classpath.
2019-07-24 10:48:08.243  INFO 22116 --- [restartedMain] o.s.s.concurrent.ThreadPoolTaskExecutor  : Initializing ExecutorService 'applicationTaskExecutor'
2019-07-24 10:48:08.272  WARN 22116 --- [restartedMain] aWebConfiguration$JpaWebMvcConfiguration : spring.jpa.open-in-view is enabled by default. Therefore, database queries may be performed during view rendering. Explicitly configure spring.jpa.open-in-view to disable this warning
2019-07-24 10:48:08.450  INFO 22116 --- [restartedMain] o.s.b.d.a.OptionalLiveReloadServer       : LiveReload server is running on port 35729
2019-07-24 10:48:09.094  INFO 22116 --- [restartedMain] o.s.c.n.eureka.InstanceInfoFactory       : Setting initial instance status as: STARTING
2019-07-24 10:48:09.135  INFO 22116 --- [restartedMain] com.netflix.discovery.DiscoveryClient    : Initializing Eureka in region us-east-1
2019-07-24 10:48:09.437  INFO 22116 --- [restartedMain] c.n.d.provider.DiscoveryJerseyProvider   : Using JSON encoding codec LegacyJacksonJson
2019-07-24 10:48:09.437  INFO 22116 --- [restartedMain] c.n.d.provider.DiscoveryJerseyProvider   : Using JSON decoding codec LegacyJacksonJson
2019-07-24 10:48:09.528  INFO 22116 --- [restartedMain] c.n.d.provider.DiscoveryJerseyProvider   : Using XML encoding codec XStreamXml
2019-07-24 10:48:09.528  INFO 22116 --- [restartedMain] c.n.d.provider.DiscoveryJerseyProvider   : Using XML decoding codec XStreamXml
2019-07-24 10:48:09.837  INFO 22116 --- [restartedMain] c.n.d.s.r.aws.ConfigClusterResolver      : Resolving eureka endpoints via configuration
2019-07-24 10:48:10.018  INFO 22116 --- [restartedMain] com.netflix.discovery.DiscoveryClient    : Disable delta property : false
2019-07-24 10:48:10.018  INFO 22116 --- [restartedMain] com.netflix.discovery.DiscoveryClient    : Single vip registry refresh property : null
2019-07-24 10:48:10.019  INFO 22116 --- [restartedMain] com.netflix.discovery.DiscoveryClient    : Force full registry fetch : false
2019-07-24 10:48:10.019  INFO 22116 --- [restartedMain] com.netflix.discovery.DiscoveryClient    : Application is null : false
2019-07-24 10:48:10.019  INFO 22116 --- [restartedMain] com.netflix.discovery.DiscoveryClient    : Registered Applications size is zero : true
2019-07-24 10:48:10.019  INFO 22116 --- [restartedMain] com.netflix.discovery.DiscoveryClient    : Application version is -1: true
2019-07-24 10:48:10.020  INFO 22116 --- [restartedMain] com.netflix.discovery.DiscoveryClient    : Getting all instance registry info from the eureka server
2019-07-24 10:48:10.152  INFO 22116 --- [restartedMain] com.netflix.discovery.DiscoveryClient    : The response status is 200
2019-07-24 10:48:10.152  INFO 22116 --- [restartedMain] com.netflix.discovery.DiscoveryClient    : Starting heartbeat executor: renew interval is: 30
2019-07-24 10:48:10.160  INFO 22116 --- [restartedMain] c.n.discovery.InstanceInfoReplicator     : InstanceInfoReplicator onDemand update allowed rate per min is 4
2019-07-24 10:48:10.160  INFO 22116 --- [restartedMain] com.netflix.discovery.DiscoveryClient    : Discovery Client initialized at timestamp 1563945490160 with initial instances count: 2
2019-07-24 10:48:10.160  INFO 22116 --- [restartedMain] o.s.c.n.e.s.EurekaServiceRegistry        : Registering application LIBRARYSYSTEM with eureka with status UP
2019-07-24 10:48:10.160  INFO 22116 --- [restartedMain] com.netflix.discovery.DiscoveryClient    : Saw local status change event StatusChangeEvent [timestamp=1563945490160, current=UP, previous=STARTING]
2019-07-24 10:48:10.160  INFO 22116 --- [DiscoveryClient-InstanceInfoReplicator-0] com.netflix.discovery.DiscoveryClient    : DiscoveryClient_LIBRARYSYSTEM/DESKTOP-V3U079T:LibrarySystem:8081: registering service...
2019-07-24 10:48:10.195  INFO 22116 --- [restartedMain] o.s.b.w.embedded.tomcat.TomcatWebServer  : Tomcat started on port(s): 8081 (http) with context path '/librarysystem'
2019-07-24 10:48:10.195  INFO 22116 --- [restartedMain] .s.c.n.e.s.EurekaAutoServiceRegistration : Updating port to 8081
2019-07-24 10:48:10.195  INFO 22116 --- [restartedMain] c.l.m.MainClassificationApplication      : Started MainClassificationApplication in 5.651 seconds (JVM running for 6.396)
2019-07-24 10:48:10.215  INFO 22116 --- [DiscoveryClient-InstanceInfoReplicator-0] com.netflix.discovery.DiscoveryClient    : DiscoveryClient_LIBRARYSYSTEM/DESKTOP-V3U079T:LibrarySystem:8081 - registration status: 204
2019-07-24 10:48:29.725  INFO 22116 --- [http-nio-8081-exec-1] o.a.c.c.C.[.[.[/librarysystem]           : Initializing Spring DispatcherServlet 'dispatcherServlet'
2019-07-24 10:48:29.730  INFO 22116 --- [http-nio-8081-exec-1] o.s.web.servlet.DispatcherServlet        : Initializing Servlet 'dispatcherServlet'
2019-07-24 10:48:29.737  INFO 22116 --- [http-nio-8081-exec-1] o.s.web.servlet.DispatcherServlet        : Completed initialization in 6 ms
2019-07-24 10:51:35.534  INFO 22116 --- [Thread-8] o.s.c.n.e.s.EurekaServiceRegistry        : Unregistering application LIBRARYSYSTEM with eureka with status DOWN
2019-07-24 10:51:35.534  WARN 22116 --- [Thread-8] com.netflix.discovery.DiscoveryClient    : Saw local status change event StatusChangeEvent [timestamp=1563945695534, current=DOWN, previous=UP]
2019-07-24 10:51:35.535  INFO 22116 --- [DiscoveryClient-InstanceInfoReplicator-0] com.netflix.discovery.DiscoveryClient    : DiscoveryClient_LIBRARYSYSTEM/DESKTOP-V3U079T:LibrarySystem:8081: registering service...
2019-07-24 10:51:35.541  INFO 22116 --- [DiscoveryClient-InstanceInfoReplicator-0] com.netflix.discovery.DiscoveryClient    : DiscoveryClient_LIBRARYSYSTEM/DESKTOP-V3U079T:LibrarySystem:8081 - registration status: 204
2019-07-24 10:51:35.542  INFO 22116 --- [Thread-8] o.s.s.concurrent.ThreadPoolTaskExecutor  : Shutting down ExecutorService 'applicationTaskExecutor'
2019-07-24 10:51:35.545  INFO 22116 --- [Thread-8] j.LocalContainerEntityManagerFactoryBean : Closing JPA EntityManagerFactory for persistence unit 'default'
2019-07-24 10:51:35.548  INFO 22116 --- [Thread-8] com.netflix.discovery.DiscoveryClient    : Shutting down DiscoveryClient ...
2019-07-24 10:51:38.549  INFO 22116 --- [Thread-8] com.netflix.discovery.DiscoveryClient    : Unregistering ...
2019-07-24 10:51:38.558  INFO 22116 --- [Thread-8] com.netflix.discovery.DiscoveryClient    : DiscoveryClient_LIBRARYSYSTEM/DESKTOP-V3U079T:LibrarySystem:8081 - deregister  status: 200
2019-07-24 10:51:38.562  INFO 22116 --- [Thread-8] com.netflix.discovery.DiscoveryClient    : Completed shut down of DiscoveryClient
2019-07-24 10:51:38.562  INFO 22116 --- [Thread-8] com.zaxxer.hikari.HikariDataSource       : HikariPool-1 - Shutdown initiated...
2019-07-24 10:51:38.562  INFO 22116 --- [Thread-8] com.zaxxer.hikari.HikariDataSource       : HikariPool-1 - Shutdown completed.
2019-07-24 10:51:39.453  INFO 22116 --- [restartedMain] c.l.m.MainClassificationApplication      : No active profile set, falling back to default profiles: default
2019-07-24 10:51:39.684  INFO 22116 --- [restartedMain] .s.d.r.c.RepositoryConfigurationDelegate : Bootstrapping Spring Data repositories in DEFAULT mode.
2019-07-24 10:51:39.687  INFO 22116 --- [restartedMain] .s.d.r.c.RepositoryConfigurationDelegate : Finished Spring Data repository scanning in 3ms. Found 1 repository interfaces.
2019-07-24 10:51:39.742  INFO 22116 --- [restartedMain] o.s.cloud.context.scope.GenericScope     : BeanFactory id=3b0f40c7-6ad4-3b1c-b8e4-aecf26a94fdf
2019-07-24 10:51:39.759  INFO 22116 --- [restartedMain] trationDelegate$BeanPostProcessorChecker : Bean 'org.springframework.transaction.annotation.ProxyTransactionManagementConfiguration' of type [org.springframework.transaction.annotation.ProxyTransactionManagementConfiguration$$EnhancerBySpringCGLIB$$e6ca28f9] is not eligible for getting processed by all BeanPostProcessors (for example: not eligible for auto-proxying)
2019-07-24 10:51:39.761  INFO 22116 --- [restartedMain] trationDelegate$BeanPostProcessorChecker : Bean 'org.springframework.cloud.autoconfigure.ConfigurationPropertiesRebinderAutoConfiguration' of type [org.springframework.cloud.autoconfigure.ConfigurationPropertiesRebinderAutoConfiguration$$EnhancerBySpringCGLIB$$2e42bf6] is not eligible for getting processed by all BeanPostProcessors (for example: not eligible for auto-proxying)
2019-07-24 10:51:39.877  INFO 22116 --- [restartedMain] o.s.b.w.embedded.tomcat.TomcatWebServer  : Tomcat initialized with port(s): 8081 (http)
2019-07-24 10:51:39.877  INFO 22116 --- [restartedMain] o.apache.catalina.core.StandardService   : Starting service [Tomcat]
2019-07-24 10:51:39.877  INFO 22116 --- [restartedMain] org.apache.catalina.core.StandardEngine  : Starting Servlet engine: [Apache Tomcat/9.0.19]
2019-07-24 10:51:39.892  INFO 22116 --- [restartedMain] o.a.c.c.C.[.[.[/librarysystem]           : Initializing Spring embedded WebApplicationContext
2019-07-24 10:51:39.893  INFO 22116 --- [restartedMain] o.s.web.context.ContextLoader            : Root WebApplicationContext: initialization completed in 439 ms
2019-07-24 10:51:39.960  INFO 22116 --- [restartedMain] com.zaxxer.hikari.HikariDataSource       : HikariPool-2 - Starting...
2019-07-24 10:51:39.963  INFO 22116 --- [restartedMain] com.zaxxer.hikari.HikariDataSource       : HikariPool-2 - Start completed.
2019-07-24 10:51:39.971  INFO 22116 --- [restartedMain] o.hibernate.jpa.internal.util.LogHelper  : HHH000204: Processing PersistenceUnitInfo [
	name: default
	...]
2019-07-24 10:51:39.978  INFO 22116 --- [restartedMain] org.hibernate.dialect.Dialect            : HHH000400: Using dialect: org.hibernate.dialect.MySQL5InnoDBDialect
2019-07-24 10:51:39.978  INFO 22116 --- [restartedMain] o.h.e.j.e.i.LobCreatorBuilderImpl        : HHH000422: Disabling contextual LOB creation as connection was null
2019-07-24 10:51:40.000  INFO 22116 --- [restartedMain] j.LocalContainerEntityManagerFactoryBean : Initialized JPA EntityManagerFactory for persistence unit 'default'
2019-07-24 10:51:40.032  WARN 22116 --- [restartedMain] c.n.c.sources.URLConfigurationSource     : No URLs will be polled as dynamic configuration sources.
2019-07-24 10:51:40.032  INFO 22116 --- [restartedMain] c.n.c.sources.URLConfigurationSource     : To enable URLs as dynamic configuration sources, define System property archaius.configurationSource.additionalUrls or make config.properties available on classpath.
2019-07-24 10:51:40.099  INFO 22116 --- [restartedMain] o.s.s.concurrent.ThreadPoolTaskExecutor  : Initializing ExecutorService 'applicationTaskExecutor'
2019-07-24 10:51:40.099  WARN 22116 --- [restartedMain] aWebConfiguration$JpaWebMvcConfiguration : spring.jpa.open-in-view is enabled by default. Therefore, database queries may be performed during view rendering. Explicitly configure spring.jpa.open-in-view to disable this warning
2019-07-24 10:51:40.184  INFO 22116 --- [restartedMain] o.s.b.d.a.OptionalLiveReloadServer       : LiveReload server is running on port 35729
2019-07-24 10:51:40.684  INFO 22116 --- [restartedMain] o.s.c.n.eureka.InstanceInfoFactory       : Setting initial instance status as: STARTING
2019-07-24 10:51:40.684  INFO 22116 --- [restartedMain] com.netflix.discovery.DiscoveryClient    : Initializing Eureka in region us-east-1
2019-07-24 10:51:40.702  INFO 22116 --- [restartedMain] c.n.d.provider.DiscoveryJerseyProvider   : Using JSON encoding codec LegacyJacksonJson
2019-07-24 10:51:40.702  INFO 22116 --- [restartedMain] c.n.d.provider.DiscoveryJerseyProvider   : Using JSON decoding codec LegacyJacksonJson
2019-07-24 10:51:40.702  INFO 22116 --- [restartedMain] c.n.d.provider.DiscoveryJerseyProvider   : Using XML encoding codec XStreamXml
2019-07-24 10:51:40.702  INFO 22116 --- [restartedMain] c.n.d.provider.DiscoveryJerseyProvider   : Using XML decoding codec XStreamXml
2019-07-24 10:51:40.760  INFO 22116 --- [restartedMain] c.n.d.s.r.aws.ConfigClusterResolver      : Resolving eureka endpoints via configuration
2019-07-24 10:51:40.768  INFO 22116 --- [restartedMain] com.netflix.discovery.DiscoveryClient    : Disable delta property : false
2019-07-24 10:51:40.768  INFO 22116 --- [restartedMain] com.netflix.discovery.DiscoveryClient    : Single vip registry refresh property : null
2019-07-24 10:51:40.768  INFO 22116 --- [restartedMain] com.netflix.discovery.DiscoveryClient    : Force full registry fetch : false
2019-07-24 10:51:40.769  INFO 22116 --- [restartedMain] com.netflix.discovery.DiscoveryClient    : Application is null : false
2019-07-24 10:51:40.769  INFO 22116 --- [restartedMain] com.netflix.discovery.DiscoveryClient    : Registered Applications size is zero : true
2019-07-24 10:51:40.769  INFO 22116 --- [restartedMain] com.netflix.discovery.DiscoveryClient    : Application version is -1: true
2019-07-24 10:51:40.769  INFO 22116 --- [restartedMain] com.netflix.discovery.DiscoveryClient    : Getting all instance registry info from the eureka server
2019-07-24 10:51:40.773  INFO 22116 --- [restartedMain] com.netflix.discovery.DiscoveryClient    : The response status is 200
2019-07-24 10:51:40.774  INFO 22116 --- [restartedMain] com.netflix.discovery.DiscoveryClient    : Starting heartbeat executor: renew interval is: 30
2019-07-24 10:51:40.774  INFO 22116 --- [restartedMain] c.n.discovery.InstanceInfoReplicator     : InstanceInfoReplicator onDemand update allowed rate per min is 4
2019-07-24 10:51:40.775  INFO 22116 --- [restartedMain] com.netflix.discovery.DiscoveryClient    : Discovery Client initialized at timestamp 1563945700775 with initial instances count: 3
2019-07-24 10:51:40.776  INFO 22116 --- [restartedMain] o.s.c.n.e.s.EurekaServiceRegistry        : Registering application MAINCLASSIFICATION with eureka with status UP
2019-07-24 10:51:40.776  INFO 22116 --- [restartedMain] com.netflix.discovery.DiscoveryClient    : Saw local status change event StatusChangeEvent [timestamp=1563945700776, current=UP, previous=STARTING]
2019-07-24 10:51:40.776  INFO 22116 --- [DiscoveryClient-InstanceInfoReplicator-0] com.netflix.discovery.DiscoveryClient    : DiscoveryClient_MAINCLASSIFICATION/DESKTOP-V3U079T:mainclassification:8081: registering service...
2019-07-24 10:51:40.782  INFO 22116 --- [DiscoveryClient-InstanceInfoReplicator-0] com.netflix.discovery.DiscoveryClient    : DiscoveryClient_MAINCLASSIFICATION/DESKTOP-V3U079T:mainclassification:8081 - registration status: 204
2019-07-24 10:51:40.795  INFO 22116 --- [restartedMain] o.s.b.w.embedded.tomcat.TomcatWebServer  : Tomcat started on port(s): 8081 (http) with context path '/librarysystem'
2019-07-24 10:51:40.795  INFO 22116 --- [restartedMain] .s.c.n.e.s.EurekaAutoServiceRegistration : Updating port to 8081
2019-07-24 10:51:40.796  INFO 22116 --- [restartedMain] c.l.m.MainClassificationApplication      : Started MainClassificationApplication in 1.858 seconds (JVM running for 216.994)
2019-07-24 10:51:40.798  INFO 22116 --- [restartedMain] .ConditionEvaluationDeltaLoggingListener : Condition evaluation unchanged
2019-07-24 10:56:40.772  INFO 22116 --- [AsyncResolver-bootstrap-executor-0] c.n.d.s.r.aws.ConfigClusterResolver      : Resolving eureka endpoints via configuration
2019-07-24 10:56:53.523  INFO 22116 --- [Thread-13] o.s.c.n.e.s.EurekaServiceRegistry        : Unregistering application MAINCLASSIFICATION with eureka with status DOWN
2019-07-24 10:56:53.528  WARN 22116 --- [Thread-13] com.netflix.discovery.DiscoveryClient    : Saw local status change event StatusChangeEvent [timestamp=1563946013528, current=DOWN, previous=UP]
2019-07-24 10:56:53.528  INFO 22116 --- [DiscoveryClient-InstanceInfoReplicator-0] com.netflix.discovery.DiscoveryClient    : DiscoveryClient_MAINCLASSIFICATION/DESKTOP-V3U079T:mainclassification:8081: registering service...
2019-07-24 10:56:53.530  INFO 22116 --- [Thread-13] o.s.s.concurrent.ThreadPoolTaskExecutor  : Shutting down ExecutorService 'applicationTaskExecutor'
2019-07-24 10:56:53.530  INFO 22116 --- [Thread-13] j.LocalContainerEntityManagerFactoryBean : Closing JPA EntityManagerFactory for persistence unit 'default'
2019-07-24 10:56:53.530  INFO 22116 --- [Thread-13] com.netflix.discovery.DiscoveryClient    : Shutting down DiscoveryClient ...
2019-07-24 10:56:53.545  INFO 22116 --- [DiscoveryClient-InstanceInfoReplicator-0] com.netflix.discovery.DiscoveryClient    : DiscoveryClient_MAINCLASSIFICATION/DESKTOP-V3U079T:mainclassification:8081 - registration status: 204
2019-07-24 10:56:53.549  INFO 22116 --- [Thread-13] com.netflix.discovery.DiscoveryClient    : Unregistering ...
2019-07-24 10:56:53.670  INFO 22116 --- [Thread-13] com.netflix.discovery.DiscoveryClient    : DiscoveryClient_MAINCLASSIFICATION/DESKTOP-V3U079T:mainclassification:8081 - deregister  status: 200
2019-07-24 10:56:53.677  INFO 22116 --- [Thread-13] com.netflix.discovery.DiscoveryClient    : Completed shut down of DiscoveryClient
2019-07-24 10:56:53.677  INFO 22116 --- [Thread-13] com.zaxxer.hikari.HikariDataSource       : HikariPool-2 - Shutdown initiated...
2019-07-24 10:56:53.677  INFO 22116 --- [Thread-13] com.zaxxer.hikari.HikariDataSource       : HikariPool-2 - Shutdown completed.
2019-07-24 10:56:54.613  INFO 22116 --- [restartedMain] c.l.m.MainClassificationApplication      : No active profile set, falling back to default profiles: default
2019-07-24 10:56:54.826  INFO 22116 --- [restartedMain] .s.d.r.c.RepositoryConfigurationDelegate : Bootstrapping Spring Data repositories in DEFAULT mode.
2019-07-24 10:56:54.842  INFO 22116 --- [restartedMain] .s.d.r.c.RepositoryConfigurationDelegate : Finished Spring Data repository scanning in 16ms. Found 1 repository interfaces.
2019-07-24 10:56:54.880  INFO 22116 --- [restartedMain] o.s.cloud.context.scope.GenericScope     : BeanFactory id=3b0f40c7-6ad4-3b1c-b8e4-aecf26a94fdf
2019-07-24 10:56:54.895  INFO 22116 --- [restartedMain] trationDelegate$BeanPostProcessorChecker : Bean 'org.springframework.transaction.annotation.ProxyTransactionManagementConfiguration' of type [org.springframework.transaction.annotation.ProxyTransactionManagementConfiguration$$EnhancerBySpringCGLIB$$e6ca28f9] is not eligible for getting processed by all BeanPostProcessors (for example: not eligible for auto-proxying)
2019-07-24 10:56:54.895  INFO 22116 --- [restartedMain] trationDelegate$BeanPostProcessorChecker : Bean 'org.springframework.cloud.autoconfigure.ConfigurationPropertiesRebinderAutoConfiguration' of type [org.springframework.cloud.autoconfigure.ConfigurationPropertiesRebinderAutoConfiguration$$EnhancerBySpringCGLIB$$2e42bf6] is not eligible for getting processed by all BeanPostProcessors (for example: not eligible for auto-proxying)
2019-07-24 10:56:55.027  INFO 22116 --- [restartedMain] o.s.b.w.embedded.tomcat.TomcatWebServer  : Tomcat initialized with port(s): 8081 (http)
2019-07-24 10:56:55.027  INFO 22116 --- [restartedMain] o.apache.catalina.core.StandardService   : Starting service [Tomcat]
2019-07-24 10:56:55.027  INFO 22116 --- [restartedMain] org.apache.catalina.core.StandardEngine  : Starting Servlet engine: [Apache Tomcat/9.0.19]
2019-07-24 10:56:55.043  INFO 22116 --- [restartedMain] o.a.c.c.C.[.[.[/librarysystem]           : Initializing Spring embedded WebApplicationContext
2019-07-24 10:56:55.043  INFO 22116 --- [restartedMain] o.s.web.context.ContextLoader            : Root WebApplicationContext: initialization completed in 430 ms
2019-07-24 10:56:55.096  INFO 22116 --- [restartedMain] com.zaxxer.hikari.HikariDataSource       : HikariPool-3 - Starting...
2019-07-24 10:56:55.096  INFO 22116 --- [restartedMain] com.zaxxer.hikari.HikariDataSource       : HikariPool-3 - Start completed.
2019-07-24 10:56:55.117  INFO 22116 --- [restartedMain] o.hibernate.jpa.internal.util.LogHelper  : HHH000204: Processing PersistenceUnitInfo [
	name: default
	...]
2019-07-24 10:56:55.124  INFO 22116 --- [restartedMain] org.hibernate.dialect.Dialect            : HHH000400: Using dialect: org.hibernate.dialect.MySQL5InnoDBDialect
2019-07-24 10:56:55.125  INFO 22116 --- [restartedMain] o.h.e.j.e.i.LobCreatorBuilderImpl        : HHH000422: Disabling contextual LOB creation as connection was null
2019-07-24 10:56:55.144  INFO 22116 --- [restartedMain] j.LocalContainerEntityManagerFactoryBean : Initialized JPA EntityManagerFactory for persistence unit 'default'
2019-07-24 10:56:55.169  WARN 22116 --- [restartedMain] c.n.c.sources.URLConfigurationSource     : No URLs will be polled as dynamic configuration sources.
2019-07-24 10:56:55.169  INFO 22116 --- [restartedMain] c.n.c.sources.URLConfigurationSource     : To enable URLs as dynamic configuration sources, define System property archaius.configurationSource.additionalUrls or make config.properties available on classpath.
2019-07-24 10:56:55.227  INFO 22116 --- [restartedMain] o.s.s.concurrent.ThreadPoolTaskExecutor  : Initializing ExecutorService 'applicationTaskExecutor'
2019-07-24 10:56:55.227  WARN 22116 --- [restartedMain] aWebConfiguration$JpaWebMvcConfiguration : spring.jpa.open-in-view is enabled by default. Therefore, database queries may be performed during view rendering. Explicitly configure spring.jpa.open-in-view to disable this warning
2019-07-24 10:56:55.296  INFO 22116 --- [restartedMain] o.s.b.d.a.OptionalLiveReloadServer       : LiveReload server is running on port 35729
2019-07-24 10:56:55.828  INFO 22116 --- [restartedMain] o.s.c.n.eureka.InstanceInfoFactory       : Setting initial instance status as: STARTING
2019-07-24 10:56:55.837  INFO 22116 --- [restartedMain] com.netflix.discovery.DiscoveryClient    : Initializing Eureka in region us-east-1
2019-07-24 10:56:55.837  INFO 22116 --- [restartedMain] c.n.d.provider.DiscoveryJerseyProvider   : Using JSON encoding codec LegacyJacksonJson
2019-07-24 10:56:55.837  INFO 22116 --- [restartedMain] c.n.d.provider.DiscoveryJerseyProvider   : Using JSON decoding codec LegacyJacksonJson
2019-07-24 10:56:55.837  INFO 22116 --- [restartedMain] c.n.d.provider.DiscoveryJerseyProvider   : Using XML encoding codec XStreamXml
2019-07-24 10:56:55.837  INFO 22116 --- [restartedMain] c.n.d.provider.DiscoveryJerseyProvider   : Using XML decoding codec XStreamXml
2019-07-24 10:56:55.881  INFO 22116 --- [restartedMain] c.n.d.s.r.aws.ConfigClusterResolver      : Resolving eureka endpoints via configuration
2019-07-24 10:56:55.881  INFO 22116 --- [restartedMain] com.netflix.discovery.DiscoveryClient    : Disable delta property : false
2019-07-24 10:56:55.881  INFO 22116 --- [restartedMain] com.netflix.discovery.DiscoveryClient    : Single vip registry refresh property : null
2019-07-24 10:56:55.881  INFO 22116 --- [restartedMain] com.netflix.discovery.DiscoveryClient    : Force full registry fetch : false
2019-07-24 10:56:55.881  INFO 22116 --- [restartedMain] com.netflix.discovery.DiscoveryClient    : Application is null : false
2019-07-24 10:56:55.881  INFO 22116 --- [restartedMain] com.netflix.discovery.DiscoveryClient    : Registered Applications size is zero : true
2019-07-24 10:56:55.881  INFO 22116 --- [restartedMain] com.netflix.discovery.DiscoveryClient    : Application version is -1: true
2019-07-24 10:56:55.881  INFO 22116 --- [restartedMain] com.netflix.discovery.DiscoveryClient    : Getting all instance registry info from the eureka server
2019-07-24 10:56:55.881  INFO 22116 --- [restartedMain] com.netflix.discovery.DiscoveryClient    : The response status is 200
2019-07-24 10:56:55.881  INFO 22116 --- [restartedMain] com.netflix.discovery.DiscoveryClient    : Starting heartbeat executor: renew interval is: 30
2019-07-24 10:56:55.881  INFO 22116 --- [restartedMain] c.n.discovery.InstanceInfoReplicator     : InstanceInfoReplicator onDemand update allowed rate per min is 4
2019-07-24 10:56:55.881  INFO 22116 --- [restartedMain] com.netflix.discovery.DiscoveryClient    : Discovery Client initialized at timestamp 1563946015881 with initial instances count: 3
2019-07-24 10:56:55.897  INFO 22116 --- [restartedMain] o.s.c.n.e.s.EurekaServiceRegistry        : Registering application MAINCLASSIFICATION with eureka with status UP
2019-07-24 10:56:55.897  INFO 22116 --- [restartedMain] com.netflix.discovery.DiscoveryClient    : Saw local status change event StatusChangeEvent [timestamp=1563946015897, current=UP, previous=STARTING]
2019-07-24 10:56:55.897  INFO 22116 --- [DiscoveryClient-InstanceInfoReplicator-0] com.netflix.discovery.DiscoveryClient    : DiscoveryClient_MAINCLASSIFICATION/DESKTOP-V3U079T:mainclassification:8081: registering service...
2019-07-24 10:56:55.897  INFO 22116 --- [restartedMain] o.s.b.w.embedded.tomcat.TomcatWebServer  : Tomcat started on port(s): 8081 (http) with context path '/librarysystem'
2019-07-24 10:56:55.897  INFO 22116 --- [restartedMain] .s.c.n.e.s.EurekaAutoServiceRegistration : Updating port to 8081
2019-07-24 10:56:55.897  INFO 22116 --- [restartedMain] c.l.m.MainClassificationApplication      : Started MainClassificationApplication in 1.804 seconds (JVM running for 532.105)
2019-07-24 10:56:55.897  INFO 22116 --- [restartedMain] .ConditionEvaluationDeltaLoggingListener : Condition evaluation unchanged
2019-07-24 10:56:55.914  INFO 22116 --- [DiscoveryClient-InstanceInfoReplicator-0] com.netflix.discovery.DiscoveryClient    : DiscoveryClient_MAINCLASSIFICATION/DESKTOP-V3U079T:mainclassification:8081 - registration status: 204
2019-07-24 11:01:55.894  INFO 22116 --- [AsyncResolver-bootstrap-executor-0] c.n.d.s.r.aws.ConfigClusterResolver      : Resolving eureka endpoints via configuration
2019-07-24 11:01:58.232  INFO 22116 --- [http-nio-8081-exec-1] o.a.c.c.C.[.[.[/librarysystem]           : Initializing Spring DispatcherServlet 'dispatcherServlet'
2019-07-24 11:01:58.233  INFO 22116 --- [http-nio-8081-exec-1] o.s.web.servlet.DispatcherServlet        : Initializing Servlet 'dispatcherServlet'
2019-07-24 11:01:58.237  INFO 22116 --- [http-nio-8081-exec-1] o.s.web.servlet.DispatcherServlet        : Completed initialization in 4 ms
2019-07-24 11:01:58.264  INFO 22116 --- [http-nio-8081-exec-1] o.h.h.i.QueryTranslatorFactoryInitiator  : HHH000397: Using ASTQueryTranslatorFactory
2019-07-24 11:06:55.905  INFO 22116 --- [AsyncResolver-bootstrap-executor-0] c.n.d.s.r.aws.ConfigClusterResolver      : Resolving eureka endpoints via configuration
2019-07-24 11:11:55.926  INFO 22116 --- [AsyncResolver-bootstrap-executor-0] c.n.d.s.r.aws.ConfigClusterResolver      : Resolving eureka endpoints via configuration
2019-07-24 11:16:55.934  INFO 22116 --- [AsyncResolver-bootstrap-executor-0] c.n.d.s.r.aws.ConfigClusterResolver      : Resolving eureka endpoints via configuration
2019-07-24 11:17:33.099  INFO 22116 --- [RMI TCP Connection(2)-127.0.0.1] inMXBeanRegistrar$SpringApplicationAdmin : Application shutdown requested.
2019-07-24 11:17:33.108  INFO 22116 --- [RMI TCP Connection(2)-127.0.0.1] o.s.c.n.e.s.EurekaServiceRegistry        : Unregistering application MAINCLASSIFICATION with eureka with status DOWN
2019-07-24 11:17:33.109  WARN 22116 --- [RMI TCP Connection(2)-127.0.0.1] com.netflix.discovery.DiscoveryClient    : Saw local status change event StatusChangeEvent [timestamp=1563947253109, current=DOWN, previous=UP]
2019-07-24 11:17:33.109  INFO 22116 --- [DiscoveryClient-InstanceInfoReplicator-0] com.netflix.discovery.DiscoveryClient    : DiscoveryClient_MAINCLASSIFICATION/DESKTOP-V3U079T:mainclassification:8081: registering service...
2019-07-24 11:17:33.113  INFO 22116 --- [RMI TCP Connection(2)-127.0.0.1] o.s.s.concurrent.ThreadPoolTaskExecutor  : Shutting down ExecutorService 'applicationTaskExecutor'
2019-07-24 11:17:33.113  INFO 22116 --- [DiscoveryClient-InstanceInfoReplicator-0] com.netflix.discovery.DiscoveryClient    : DiscoveryClient_MAINCLASSIFICATION/DESKTOP-V3U079T:mainclassification:8081 - registration status: 204
2019-07-24 11:17:33.113  INFO 22116 --- [RMI TCP Connection(2)-127.0.0.1] j.LocalContainerEntityManagerFactoryBean : Closing JPA EntityManagerFactory for persistence unit 'default'
2019-07-24 11:17:33.113  INFO 22116 --- [RMI TCP Connection(2)-127.0.0.1] com.netflix.discovery.DiscoveryClient    : Shutting down DiscoveryClient ...
2019-07-24 11:27:28.830  INFO 20248 --- [restartedMain] c.l.m.MainClassificationApplication      : No active profile set, falling back to default profiles: default
2019-07-24 11:27:29.277  INFO 20248 --- [restartedMain] .s.d.r.c.RepositoryConfigurationDelegate : Bootstrapping Spring Data repositories in DEFAULT mode.
2019-07-24 11:27:29.342  INFO 20248 --- [restartedMain] .s.d.r.c.RepositoryConfigurationDelegate : Finished Spring Data repository scanning in 48ms. Found 1 repository interfaces.
2019-07-24 11:27:29.548  INFO 20248 --- [restartedMain] o.s.cloud.context.scope.GenericScope     : BeanFactory id=3b0f40c7-6ad4-3b1c-b8e4-aecf26a94fdf
2019-07-24 11:27:29.614  INFO 20248 --- [restartedMain] trationDelegate$BeanPostProcessorChecker : Bean 'org.springframework.transaction.annotation.ProxyTransactionManagementConfiguration' of type [org.springframework.transaction.annotation.ProxyTransactionManagementConfiguration$$EnhancerBySpringCGLIB$$eaf00f92] is not eligible for getting processed by all BeanPostProcessors (for example: not eligible for auto-proxying)
2019-07-24 11:27:29.630  INFO 20248 --- [restartedMain] trationDelegate$BeanPostProcessorChecker : Bean 'org.springframework.cloud.autoconfigure.ConfigurationPropertiesRebinderAutoConfiguration' of type [org.springframework.cloud.autoconfigure.ConfigurationPropertiesRebinderAutoConfiguration$$EnhancerBySpringCGLIB$$70a128f] is not eligible for getting processed by all BeanPostProcessors (for example: not eligible for auto-proxying)
2019-07-24 11:27:29.987  INFO 20248 --- [restartedMain] o.s.b.w.embedded.tomcat.TomcatWebServer  : Tomcat initialized with port(s): 8081 (http)
2019-07-24 11:27:30.003  INFO 20248 --- [restartedMain] o.apache.catalina.core.StandardService   : Starting service [Tomcat]
2019-07-24 11:27:30.003  INFO 20248 --- [restartedMain] org.apache.catalina.core.StandardEngine  : Starting Servlet engine: [Apache Tomcat/9.0.19]
2019-07-24 11:27:30.106  INFO 20248 --- [restartedMain] o.a.c.c.C.[.[.[/librarysystem]           : Initializing Spring embedded WebApplicationContext
2019-07-24 11:27:30.106  INFO 20248 --- [restartedMain] o.s.web.context.ContextLoader            : Root WebApplicationContext: initialization completed in 1260 ms
2019-07-24 11:27:30.273  INFO 20248 --- [restartedMain] com.zaxxer.hikari.HikariDataSource       : HikariPool-1 - Starting...
2019-07-24 11:27:30.404  INFO 20248 --- [restartedMain] com.zaxxer.hikari.HikariDataSource       : HikariPool-1 - Start completed.
2019-07-24 11:27:30.457  INFO 20248 --- [restartedMain] o.hibernate.jpa.internal.util.LogHelper  : HHH000204: Processing PersistenceUnitInfo [
	name: default
	...]
2019-07-24 11:27:30.488  INFO 20248 --- [restartedMain] org.hibernate.Version                    : HHH000412: Hibernate Core {5.3.10.Final}
2019-07-24 11:27:30.504  INFO 20248 --- [restartedMain] org.hibernate.cfg.Environment            : HHH000206: hibernate.properties not found
2019-07-24 11:27:30.588  INFO 20248 --- [restartedMain] o.hibernate.annotations.common.Version   : HCANN000001: Hibernate Commons Annotations {5.0.4.Final}
2019-07-24 11:27:30.688  INFO 20248 --- [restartedMain] org.hibernate.dialect.Dialect            : HHH000400: Using dialect: org.hibernate.dialect.MySQL5InnoDBDialect
2019-07-24 11:27:30.704  INFO 20248 --- [restartedMain] o.h.e.j.e.i.LobCreatorBuilderImpl        : HHH000422: Disabling contextual LOB creation as connection was null
2019-07-24 11:27:31.059  INFO 20248 --- [restartedMain] j.LocalContainerEntityManagerFactoryBean : Initialized JPA EntityManagerFactory for persistence unit 'default'
2019-07-24 11:27:31.277  WARN 20248 --- [restartedMain] c.n.c.sources.URLConfigurationSource     : No URLs will be polled as dynamic configuration sources.
2019-07-24 11:27:31.278  INFO 20248 --- [restartedMain] c.n.c.sources.URLConfigurationSource     : To enable URLs as dynamic configuration sources, define System property archaius.configurationSource.additionalUrls or make config.properties available on classpath.
2019-07-24 11:27:31.281  WARN 20248 --- [restartedMain] c.n.c.sources.URLConfigurationSource     : No URLs will be polled as dynamic configuration sources.
2019-07-24 11:27:31.282  INFO 20248 --- [restartedMain] c.n.c.sources.URLConfigurationSource     : To enable URLs as dynamic configuration sources, define System property archaius.configurationSource.additionalUrls or make config.properties available on classpath.
2019-07-24 11:27:31.452  INFO 20248 --- [restartedMain] o.s.s.concurrent.ThreadPoolTaskExecutor  : Initializing ExecutorService 'applicationTaskExecutor'
2019-07-24 11:27:31.474  WARN 20248 --- [restartedMain] aWebConfiguration$JpaWebMvcConfiguration : spring.jpa.open-in-view is enabled by default. Therefore, database queries may be performed during view rendering. Explicitly configure spring.jpa.open-in-view to disable this warning
2019-07-24 11:27:31.659  WARN 20248 --- [restartedMain] o.s.b.d.a.OptionalLiveReloadServer       : Unable to start LiveReload server
2019-07-24 11:27:32.315  INFO 20248 --- [restartedMain] o.s.c.n.eureka.InstanceInfoFactory       : Setting initial instance status as: STARTING
2019-07-24 11:27:32.346  INFO 20248 --- [restartedMain] com.netflix.discovery.DiscoveryClient    : Initializing Eureka in region us-east-1
2019-07-24 11:27:32.629  INFO 20248 --- [restartedMain] c.n.d.provider.DiscoveryJerseyProvider   : Using JSON encoding codec LegacyJacksonJson
2019-07-24 11:27:32.629  INFO 20248 --- [restartedMain] c.n.d.provider.DiscoveryJerseyProvider   : Using JSON decoding codec LegacyJacksonJson
2019-07-24 11:27:32.728  INFO 20248 --- [restartedMain] c.n.d.provider.DiscoveryJerseyProvider   : Using XML encoding codec XStreamXml
2019-07-24 11:27:32.729  INFO 20248 --- [restartedMain] c.n.d.provider.DiscoveryJerseyProvider   : Using XML decoding codec XStreamXml
2019-07-24 11:27:33.055  INFO 20248 --- [restartedMain] c.n.d.s.r.aws.ConfigClusterResolver      : Resolving eureka endpoints via configuration
2019-07-24 11:27:33.227  INFO 20248 --- [restartedMain] com.netflix.discovery.DiscoveryClient    : Disable delta property : false
2019-07-24 11:27:33.228  INFO 20248 --- [restartedMain] com.netflix.discovery.DiscoveryClient    : Single vip registry refresh property : null
2019-07-24 11:27:33.228  INFO 20248 --- [restartedMain] com.netflix.discovery.DiscoveryClient    : Force full registry fetch : false
2019-07-24 11:27:33.228  INFO 20248 --- [restartedMain] com.netflix.discovery.DiscoveryClient    : Application is null : false
2019-07-24 11:27:33.228  INFO 20248 --- [restartedMain] com.netflix.discovery.DiscoveryClient    : Registered Applications size is zero : true
2019-07-24 11:27:33.228  INFO 20248 --- [restartedMain] com.netflix.discovery.DiscoveryClient    : Application version is -1: true
2019-07-24 11:27:33.229  INFO 20248 --- [restartedMain] com.netflix.discovery.DiscoveryClient    : Getting all instance registry info from the eureka server
2019-07-24 11:27:33.361  INFO 20248 --- [restartedMain] com.netflix.discovery.DiscoveryClient    : The response status is 200
2019-07-24 11:27:33.362  INFO 20248 --- [restartedMain] com.netflix.discovery.DiscoveryClient    : Starting heartbeat executor: renew interval is: 30
2019-07-24 11:27:33.362  INFO 20248 --- [restartedMain] c.n.discovery.InstanceInfoReplicator     : InstanceInfoReplicator onDemand update allowed rate per min is 4
2019-07-24 11:27:33.362  INFO 20248 --- [restartedMain] com.netflix.discovery.DiscoveryClient    : Discovery Client initialized at timestamp 1563947853362 with initial instances count: 1
2019-07-24 11:27:33.362  INFO 20248 --- [restartedMain] o.s.c.n.e.s.EurekaServiceRegistry        : Registering application MAINCLASSIFICATION with eureka with status UP
2019-07-24 11:27:33.362  INFO 20248 --- [restartedMain] com.netflix.discovery.DiscoveryClient    : Saw local status change event StatusChangeEvent [timestamp=1563947853362, current=UP, previous=STARTING]
2019-07-24 11:27:33.362  INFO 20248 --- [DiscoveryClient-InstanceInfoReplicator-0] com.netflix.discovery.DiscoveryClient    : DiscoveryClient_MAINCLASSIFICATION/DESKTOP-V3U079T:mainclassification:8081: registering service...
2019-07-24 11:27:33.394  INFO 20248 --- [restartedMain] o.s.b.w.embedded.tomcat.TomcatWebServer  : Tomcat started on port(s): 8081 (http) with context path '/librarysystem'
2019-07-24 11:27:33.394  INFO 20248 --- [restartedMain] .s.c.n.e.s.EurekaAutoServiceRegistration : Updating port to 8081
2019-07-24 11:27:33.394  INFO 20248 --- [restartedMain] c.l.m.MainClassificationApplication      : Started MainClassificationApplication in 5.634 seconds (JVM running for 6.384)
2019-07-24 11:27:33.420  INFO 20248 --- [DiscoveryClient-InstanceInfoReplicator-0] com.netflix.discovery.DiscoveryClient    : DiscoveryClient_MAINCLASSIFICATION/DESKTOP-V3U079T:mainclassification:8081 - registration status: 204
2019-07-24 11:27:56.433  INFO 20248 --- [http-nio-8081-exec-1] o.a.c.c.C.[.[.[/librarysystem]           : Initializing Spring DispatcherServlet 'dispatcherServlet'
2019-07-24 11:27:56.434  INFO 20248 --- [http-nio-8081-exec-1] o.s.web.servlet.DispatcherServlet        : Initializing Servlet 'dispatcherServlet'
2019-07-24 11:27:56.443  INFO 20248 --- [http-nio-8081-exec-1] o.s.web.servlet.DispatcherServlet        : Completed initialization in 7 ms
2019-07-24 11:27:56.496  INFO 20248 --- [http-nio-8081-exec-1] o.h.h.i.QueryTranslatorFactoryInitiator  : HHH000397: Using ASTQueryTranslatorFactory
2019-07-24 11:32:33.233  INFO 20248 --- [AsyncResolver-bootstrap-executor-0] c.n.d.s.r.aws.ConfigClusterResolver      : Resolving eureka endpoints via configuration
2019-07-24 11:37:33.237  INFO 20248 --- [AsyncResolver-bootstrap-executor-0] c.n.d.s.r.aws.ConfigClusterResolver      : Resolving eureka endpoints via configuration
2019-07-24 11:42:33.240  INFO 20248 --- [AsyncResolver-bootstrap-executor-0] c.n.d.s.r.aws.ConfigClusterResolver      : Resolving eureka endpoints via configuration
2019-07-24 11:47:33.244  INFO 20248 --- [AsyncResolver-bootstrap-executor-0] c.n.d.s.r.aws.ConfigClusterResolver      : Resolving eureka endpoints via configuration
2019-07-24 11:52:33.244  INFO 20248 --- [AsyncResolver-bootstrap-executor-0] c.n.d.s.r.aws.ConfigClusterResolver      : Resolving eureka endpoints via configuration
2019-07-24 11:57:33.506  INFO 20248 --- [AsyncResolver-bootstrap-executor-0] c.n.d.s.r.aws.ConfigClusterResolver      : Resolving eureka endpoints via configuration
2019-07-24 12:02:34.832  INFO 20248 --- [AsyncResolver-bootstrap-executor-0] c.n.d.s.r.aws.ConfigClusterResolver      : Resolving eureka endpoints via configuration
2019-07-24 12:07:34.846  INFO 20248 --- [AsyncResolver-bootstrap-executor-0] c.n.d.s.r.aws.ConfigClusterResolver      : Resolving eureka endpoints via configuration
2019-07-24 12:12:34.854  INFO 20248 --- [AsyncResolver-bootstrap-executor-0] c.n.d.s.r.aws.ConfigClusterResolver      : Resolving eureka endpoints via configuration
2019-07-24 12:17:34.862  INFO 20248 --- [AsyncResolver-bootstrap-executor-0] c.n.d.s.r.aws.ConfigClusterResolver      : Resolving eureka endpoints via configuration
2019-07-24 12:22:34.865  INFO 20248 --- [AsyncResolver-bootstrap-executor-0] c.n.d.s.r.aws.ConfigClusterResolver      : Resolving eureka endpoints via configuration
2019-07-24 12:27:34.870  INFO 20248 --- [AsyncResolver-bootstrap-executor-0] c.n.d.s.r.aws.ConfigClusterResolver      : Resolving eureka endpoints via configuration
2019-07-24 12:32:35.262  INFO 20248 --- [AsyncResolver-bootstrap-executor-0] c.n.d.s.r.aws.ConfigClusterResolver      : Resolving eureka endpoints via configuration
2019-07-24 12:37:35.945  INFO 20248 --- [AsyncResolver-bootstrap-executor-0] c.n.d.s.r.aws.ConfigClusterResolver      : Resolving eureka endpoints via configuration
2019-07-24 12:42:35.965  INFO 20248 --- [AsyncResolver-bootstrap-executor-0] c.n.d.s.r.aws.ConfigClusterResolver      : Resolving eureka endpoints via configuration
2019-07-24 12:47:36.406  INFO 20248 --- [AsyncResolver-bootstrap-executor-0] c.n.d.s.r.aws.ConfigClusterResolver      : Resolving eureka endpoints via configuration
2019-07-24 12:52:36.534  INFO 20248 --- [AsyncResolver-bootstrap-executor-0] c.n.d.s.r.aws.ConfigClusterResolver      : Resolving eureka endpoints via configuration
2019-07-24 12:57:36.740  INFO 20248 --- [AsyncResolver-bootstrap-executor-0] c.n.d.s.r.aws.ConfigClusterResolver      : Resolving eureka endpoints via configuration
2019-07-24 13:02:36.742  INFO 20248 --- [AsyncResolver-bootstrap-executor-0] c.n.d.s.r.aws.ConfigClusterResolver      : Resolving eureka endpoints via configuration
2019-07-24 13:07:36.747  INFO 20248 --- [AsyncResolver-bootstrap-executor-0] c.n.d.s.r.aws.ConfigClusterResolver      : Resolving eureka endpoints via configuration
2019-07-24 13:12:36.752  INFO 20248 --- [AsyncResolver-bootstrap-executor-0] c.n.d.s.r.aws.ConfigClusterResolver      : Resolving eureka endpoints via configuration
2019-07-24 13:17:36.756  INFO 20248 --- [AsyncResolver-bootstrap-executor-0] c.n.d.s.r.aws.ConfigClusterResolver      : Resolving eureka endpoints via configuration
2019-07-24 13:22:36.758  INFO 20248 --- [AsyncResolver-bootstrap-executor-0] c.n.d.s.r.aws.ConfigClusterResolver      : Resolving eureka endpoints via configuration
2019-07-24 13:27:36.761  INFO 20248 --- [AsyncResolver-bootstrap-executor-0] c.n.d.s.r.aws.ConfigClusterResolver      : Resolving eureka endpoints via configuration
2019-07-24 13:32:36.857  INFO 20248 --- [AsyncResolver-bootstrap-executor-0] c.n.d.s.r.aws.ConfigClusterResolver      : Resolving eureka endpoints via configuration
2019-07-24 13:37:36.869  INFO 20248 --- [AsyncResolver-bootstrap-executor-0] c.n.d.s.r.aws.ConfigClusterResolver      : Resolving eureka endpoints via configuration
2019-07-24 13:42:36.872  INFO 20248 --- [AsyncResolver-bootstrap-executor-0] c.n.d.s.r.aws.ConfigClusterResolver      : Resolving eureka endpoints via configuration
2019-07-24 13:47:36.886  INFO 20248 --- [AsyncResolver-bootstrap-executor-0] c.n.d.s.r.aws.ConfigClusterResolver      : Resolving eureka endpoints via configuration
2019-07-24 13:52:36.902  INFO 20248 --- [AsyncResolver-bootstrap-executor-0] c.n.d.s.r.aws.ConfigClusterResolver      : Resolving eureka endpoints via configuration
2019-07-24 14:10:32.937  WARN 20248 --- [HikariPool-1 housekeeper] com.zaxxer.hikari.pool.HikariPool        : HikariPool-1 - Thread starvation or clock leap detected (housekeeper delta=14m1s242ms533s500ns).
2019-07-24 15:21:40.148  WARN 20248 --- [HikariPool-1 housekeeper] com.zaxxer.hikari.pool.HikariPool        : HikariPool-1 - Thread starvation or clock leap detected (housekeeper delta=1h11m7s229ms555s300ns).
2019-07-24 15:21:45.325  INFO 20248 --- [AsyncResolver-bootstrap-executor-0] c.n.d.s.r.aws.ConfigClusterResolver      : Resolving eureka endpoints via configuration
2019-07-24 15:26:45.331  INFO 20248 --- [AsyncResolver-bootstrap-executor-0] c.n.d.s.r.aws.ConfigClusterResolver      : Resolving eureka endpoints via configuration
2019-07-24 15:31:45.350  INFO 20248 --- [AsyncResolver-bootstrap-executor-0] c.n.d.s.r.aws.ConfigClusterResolver      : Resolving eureka endpoints via configuration
2019-07-24 15:36:45.362  INFO 20248 --- [AsyncResolver-bootstrap-executor-0] c.n.d.s.r.aws.ConfigClusterResolver      : Resolving eureka endpoints via configuration
2019-07-24 15:41:45.381  INFO 20248 --- [AsyncResolver-bootstrap-executor-0] c.n.d.s.r.aws.ConfigClusterResolver      : Resolving eureka endpoints via configuration
2019-07-24 15:42:34.745  INFO 20248 --- [RMI TCP Connection(3)-127.0.0.1] inMXBeanRegistrar$SpringApplicationAdmin : Application shutdown requested.
2019-07-24 15:42:34.745  INFO 20248 --- [RMI TCP Connection(2)-127.0.0.1] inMXBeanRegistrar$SpringApplicationAdmin : Application shutdown requested.
2019-07-24 15:42:34.754  INFO 20248 --- [RMI TCP Connection(3)-127.0.0.1] o.s.c.n.e.s.EurekaServiceRegistry        : Unregistering application MAINCLASSIFICATION with eureka with status DOWN
2019-07-24 15:42:34.754  WARN 20248 --- [RMI TCP Connection(3)-127.0.0.1] com.netflix.discovery.DiscoveryClient    : Saw local status change event StatusChangeEvent [timestamp=1563963154754, current=DOWN, previous=UP]
2019-07-24 15:42:34.754  INFO 20248 --- [DiscoveryClient-InstanceInfoReplicator-0] com.netflix.discovery.DiscoveryClient    : DiscoveryClient_MAINCLASSIFICATION/DESKTOP-V3U079T:mainclassification:8081: registering service...
2019-07-24 15:42:34.782  INFO 20248 --- [DiscoveryClient-InstanceInfoReplicator-0] com.netflix.discovery.DiscoveryClient    : DiscoveryClient_MAINCLASSIFICATION/DESKTOP-V3U079T:mainclassification:8081 - registration status: 204
2019-07-24 15:42:34.783  INFO 20248 --- [RMI TCP Connection(3)-127.0.0.1] o.s.s.concurrent.ThreadPoolTaskExecutor  : Shutting down ExecutorService 'applicationTaskExecutor'
2019-07-24 15:42:34.789  INFO 20248 --- [RMI TCP Connection(3)-127.0.0.1] j.LocalContainerEntityManagerFactoryBean : Closing JPA EntityManagerFactory for persistence unit 'default'
2019-07-24 15:42:34.820  INFO 20248 --- [RMI TCP Connection(3)-127.0.0.1] com.netflix.discovery.DiscoveryClient    : Shutting down DiscoveryClient ...
